Using pre-set license
Built from '2021.3/staging' branch; Version is '2021.3.32f1 (3b9dae9532f5) revision 3906990'; Using compiler version '192829333'; Build Type 'Release'
OS: 'Windows 10  (10.0.19045) 64bit Core' Language: 'en' Physical Memory: 16310 MB
BatchMode: 1, IsHumanControllingUs: 0, StartBugReporterOnCrash: 0, Is64bit: 1, IsPro: 1

COMMAND LINE ARGUMENTS:
C:\Program Files\Unity\Hub\Editor\2021.3.32f1\Editor\Unity.exe
-adb2
-batchMode
-noUpm
-name
AssetImportWorker0
-projectPath
C:/Users/tim/mine_sweeper/minesweeper
-logFile
Logs/AssetImportWorker0.log
-srvPort
8142
Successfully changed project path to: C:/Users/tim/mine_sweeper/minesweeper
C:/Users/tim/mine_sweeper/minesweeper
[UnityMemory] Configuration Parameters - Can be set up in boot.config
    "memorysetup-bucket-allocator-granularity=16"
    "memorysetup-bucket-allocator-bucket-count=8"
    "memorysetup-bucket-allocator-block-size=33554432"
    "memorysetup-bucket-allocator-block-count=8"
    "memorysetup-main-allocator-block-size=16777216"
    "memorysetup-thread-allocator-block-size=16777216"
    "memorysetup-gfx-main-allocator-block-size=16777216"
    "memorysetup-gfx-thread-allocator-block-size=16777216"
    "memorysetup-cache-allocator-block-size=4194304"
    "memorysetup-typetree-allocator-block-size=2097152"
    "memorysetup-profiler-bucket-allocator-granularity=16"
    "memorysetup-profiler-bucket-allocator-bucket-count=8"
    "memorysetup-profiler-bucket-allocator-block-size=33554432"
    "memorysetup-profiler-bucket-allocator-block-count=8"
    "memorysetup-profiler-allocator-block-size=16777216"
    "memorysetup-profiler-editor-allocator-block-size=1048576"
    "memorysetup-temp-allocator-size-main=16777216"
    "memorysetup-job-temp-allocator-block-size=2097152"
    "memorysetup-job-temp-allocator-block-size-background=1048576"
    "memorysetup-job-temp-allocator-reduction-small-platforms=262144"
    "memorysetup-temp-allocator-size-background-worker=32768"
    "memorysetup-temp-allocator-size-job-worker=262144"
    "memorysetup-temp-allocator-size-preload-manager=33554432"
    "memorysetup-temp-allocator-size-nav-mesh-worker=65536"
    "memorysetup-temp-allocator-size-audio-worker=65536"
    "memorysetup-temp-allocator-size-cloud-worker=32768"
    "memorysetup-temp-allocator-size-gi-baking-worker=262144"
    "memorysetup-temp-allocator-size-gfx=262144"
Player connection [18912] Host "[IP] 192.168.1.6 [Port] 0 [Flags] 2 [Guid] 3951041338 [EditorId] 3951041338 [Version] 1048832 [Id] WindowsEditor(7,TIM) [Debug] 1 [PackageName] WindowsEditor [ProjectName] Editor" joined multi-casting on [225.0.0.222:54997]...

Player connection [18912] Host "[IP] 192.168.1.6 [Port] 0 [Flags] 2 [Guid] 3951041338 [EditorId] 3951041338 [Version] 1048832 [Id] WindowsEditor(7,TIM) [Debug] 1 [PackageName] WindowsEditor [ProjectName] Editor" joined alternative multi-casting on [225.0.0.222:34997]...

[Physics::Module] Initialized MultithreadedJobDispatcher with {0} workers.
Refreshing native plugins compatible for Editor in 77.99 ms, found 4 plugins.
Preloading 0 native plugins for Editor in 0.00 ms.
Initialize engine version: 2021.3.32f1 (3b9dae9532f5)
[Subsystems] Discovering subsystems at path C:/Program Files/Unity/Hub/Editor/2021.3.32f1/Editor/Data/Resources/UnitySubsystems
[Subsystems] Discovering subsystems at path C:/Users/tim/mine_sweeper/minesweeper/Assets
GfxDevice: creating device client; threaded=0; jobified=0
Direct3D:
    Version:  Direct3D 11.0 [level 11.1]
    Renderer: AMD Radeon RX 6800 XT (ID=0x73bf)
    Vendor:   ATI
    VRAM:     16337 MB
    Driver:   31.0.24033.1003
Initialize mono
Mono path[0] = 'C:/Program Files/Unity/Hub/Editor/2021.3.32f1/Editor/Data/Managed'
Mono path[1] = 'C:/Program Files/Unity/Hub/Editor/2021.3.32f1/Editor/Data/MonoBleedingEdge/lib/mono/unityjit-win32'
Mono config path = 'C:/Program Files/Unity/Hub/Editor/2021.3.32f1/Editor/Data/MonoBleedingEdge/etc'
Using monoOptions --debugger-agent=transport=dt_socket,embedding=1,server=y,suspend=n,address=127.0.0.1:56068
Begin MonoManager ReloadAssembly
Registering precompiled unity dll's ...
Register platform support module: C:/Program Files/Unity/Hub/Editor/2021.3.32f1/Editor/Data/PlaybackEngines/AndroidPlayer/UnityEditor.Android.Extensions.dll
Register platform support module: C:/Program Files/Unity/Hub/Editor/2021.3.32f1/Editor/Data/PlaybackEngines/iOSSupport/UnityEditor.iOS.Extensions.dll
Register platform support module: C:/Program Files/Unity/Hub/Editor/2021.3.32f1/Editor/Data/PlaybackEngines/WindowsStandaloneSupport/UnityEditor.WindowsStandalone.Extensions.dll
Registered in 0.009389 seconds.
Native extension for WindowsStandalone target not found
[usbmuxd] Start listen thread
[usbmuxd] Listen thread started
Native extension for iOS target not found
Native extension for Android target not found
Android Extension - Scanning For ADB Devices 231 ms
Refreshing native plugins compatible for Editor in 78.91 ms, found 4 plugins.
Preloading 0 native plugins for Editor in 0.00 ms.
Mono: successfully reloaded assembly
- Completed reload, in  0.871 seconds
Domain Reload Profiling:
	ReloadAssembly (871ms)
		BeginReloadAssembly (89ms)
			ExecutionOrderSort (0ms)
			DisableScriptedObjects (0ms)
			BackupInstance (0ms)
			ReleaseScriptingObjects (0ms)
			CreateAndSetChildDomain (1ms)
		EndReloadAssembly (685ms)
			LoadAssemblies (87ms)
			RebuildTransferFunctionScriptingTraits (0ms)
			SetupTypeCache (99ms)
			ReleaseScriptCaches (0ms)
			RebuildScriptCaches (24ms)
			SetupLoadedEditorAssemblies (523ms)
				LogAssemblyErrors (0ms)
				InitializePlatformSupportModulesInManaged (330ms)
				SetLoadedEditorAssemblies (0ms)
				RefreshPlugins (79ms)
				BeforeProcessingInitializeOnLoad (1ms)
				ProcessInitializeOnLoadAttributes (74ms)
				ProcessInitializeOnLoadMethodAttributes (38ms)
				AfterProcessingInitializeOnLoad (0ms)
				EditorAssembliesLoaded (0ms)
			ExecutionOrderSort2 (0ms)
			AwakeInstancesAfterBackupRestoration (0ms)
Platform modules already initialized, skipping
Registering precompiled user dll's ...
Registered in 0.007798 seconds.
Begin MonoManager ReloadAssembly
Native extension for WindowsStandalone target not found
Native extension for iOS target not found
Native extension for Android target not found
Refreshing native plugins compatible for Editor in 76.50 ms, found 4 plugins.
Preloading 0 native plugins for Editor in 0.00 ms.
Package Manager log level set to [2]
[Package Manager] Server::EnsureServerProcessIsRunning -- launch failed, reason: Unity was launched with the -noUpm command-line argument
[Package Manager] Cannot connect to Unity Package Manager local server
Mono: successfully reloaded assembly
- Completed reload, in  1.425 seconds
Domain Reload Profiling:
	ReloadAssembly (1425ms)
		BeginReloadAssembly (132ms)
			ExecutionOrderSort (0ms)
			DisableScriptedObjects (6ms)
			BackupInstance (0ms)
			ReleaseScriptingObjects (0ms)
			CreateAndSetChildDomain (21ms)
		EndReloadAssembly (1191ms)
			LoadAssemblies (105ms)
			RebuildTransferFunctionScriptingTraits (0ms)
			SetupTypeCache (219ms)
			ReleaseScriptCaches (1ms)
			RebuildScriptCaches (49ms)
			SetupLoadedEditorAssemblies (803ms)
				LogAssemblyErrors (0ms)
				InitializePlatformSupportModulesInManaged (28ms)
				SetLoadedEditorAssemblies (0ms)
				RefreshPlugins (77ms)
				BeforeProcessingInitializeOnLoad (96ms)
				ProcessInitializeOnLoadAttributes (550ms)
				ProcessInitializeOnLoadMethodAttributes (42ms)
				AfterProcessingInitializeOnLoad (9ms)
				EditorAssembliesLoaded (0ms)
			ExecutionOrderSort2 (0ms)
			AwakeInstancesAfterBackupRestoration (5ms)
Platform modules already initialized, skipping
========================================================================
Worker process is ready to serve import requests
Launched and connected shader compiler UnityShaderCompiler.exe after 0.04 seconds
Refreshing native plugins compatible for Editor in 0.71 ms, found 4 plugins.
Preloading 0 native plugins for Editor in 0.00 ms.
Unloading 3810 Unused Serialized files (Serialized files now loaded: 0)
Unloading 36 unused Assets / (46.7 KB). Loaded Objects now: 4270.
Memory consumption went from 149.4 MB to 149.3 MB.
Total: 4.388000 ms (FindLiveObjects: 0.468300 ms CreateObjectMapping: 0.151000 ms MarkObjects: 3.656200 ms  DeleteObjects: 0.111300 ms)

AssetImportParameters requested are different than current active one (requested -> active):
  custom:video-decoder-ogg-theora: a1e56fd34408186e4bbccfd4996cb3dc -> 
  custom:container-muxer-webm: aa71ff27fc2769a1b78a27578f13a17b -> 
  custom:container-demuxer-webm: 4f35f7cbe854078d1ac9338744f61a02 -> 
  custom:video-encoder-webm-vp8: eb34c28f22e8b96e1ab97ce403110664 -> 
  custom:CustomObjectIndexerAttribute: bc11b3a6c3213fcdd17b65e7da85e133 -> 
  custom:audio-encoder-webm-vorbis: bf7c407c2cedff20999df2af8eb42d56 -> 
  custom:framework-win-MediaFoundation: 216162199b28c13a410421893ffa2e32 -> 
  custom:SearchIndexIgnoredProperties: e643bd26f0fe6173181afceb89e7c659 -> 
  custom:container-demuxer-ogg: 62fdf1f143b41e24485cea50d1cbac27 -> 
  custom:video-decoder-webm-vp8: 9c59270c3fd7afecdb556c50c9e8de78 -> 
  custom:audio-decoder-ogg-vorbis: bf7c407c2cedff20999df2af8eb42d56 -> 
========================================================================
Received Import Request.
  Time since last request: 16848.973055 seconds.
  path: Assets/Sprites/mines.PNG
  artifactKey: Guid(63a39e21f7b4b47458e71eaa5a38a381) Importer(815301076,1909f56bfc062723c751e8b465ee728b)
Number of updated assets reloaded before import = 0
Start importing Assets/Sprites/mines.PNG using Guid(63a39e21f7b4b47458e71eaa5a38a381) Importer(815301076,1909f56bfc062723c751e8b465ee728b)  -> (artifact id: '4c03f8ba42242f60255b6a7c77e804fc') in 0.190132 seconds 
Number of asset objects unloaded after import = 3
========================================================================
Received Import Request.
  Time since last request: 16.363797 seconds.
  path: Assets/Sprites/mines.PNG
  artifactKey: Guid(63a39e21f7b4b47458e71eaa5a38a381) Importer(815301076,1909f56bfc062723c751e8b465ee728b)
Number of updated assets reloaded before import = 0
Start importing Assets/Sprites/mines.PNG using Guid(63a39e21f7b4b47458e71eaa5a38a381) Importer(815301076,1909f56bfc062723c751e8b465ee728b)  -> (artifact id: 'c7cb9db5a42112ec5f95cd95fd6c0feb') in 0.034391 seconds 
Number of asset objects unloaded after import = 2
========================================================================
Received Import Request.
  Time since last request: 20.195558 seconds.
  path: Assets/Sprites/mines.PNG
  artifactKey: Guid(63a39e21f7b4b47458e71eaa5a38a381) Importer(815301076,1909f56bfc062723c751e8b465ee728b)
Number of updated assets reloaded before import = 0
Start importing Assets/Sprites/mines.PNG using Guid(63a39e21f7b4b47458e71eaa5a38a381) Importer(815301076,1909f56bfc062723c751e8b465ee728b)  -> (artifact id: '11148194c651c0340602be473dc7b9ba') in 0.036430 seconds 
Number of asset objects unloaded after import = 2
========================================================================
Received Import Request.
  Time since last request: 164.902297 seconds.
  path: Assets/Sprites
  artifactKey: Guid(54127118b95c79a4eb3ca53cdeecae3e) Importer(815301076,1909f56bfc062723c751e8b465ee728b)
Number of updated assets reloaded before import = 0
Start importing Assets/Sprites using Guid(54127118b95c79a4eb3ca53cdeecae3e) Importer(815301076,1909f56bfc062723c751e8b465ee728b)  -> (artifact id: '535c5692154756453b58d1b909d233f5') in 0.007744 seconds 
Number of asset objects unloaded after import = 0
========================================================================
Received Import Request.
  Time since last request: 0.217478 seconds.
  path: Assets/Sprites/ultimate-ms-tile-spritesheet-update-v0-x85jo6qyhd3d1.jpeg
  artifactKey: Guid(7edcbb54851e4be429b9d19de44c2af4) Importer(815301076,1909f56bfc062723c751e8b465ee728b)
Number of updated assets reloaded before import = 0
Start importing Assets/Sprites/ultimate-ms-tile-spritesheet-update-v0-x85jo6qyhd3d1.jpeg using Guid(7edcbb54851e4be429b9d19de44c2af4) Importer(815301076,1909f56bfc062723c751e8b465ee728b)  -> (artifact id: '10043f433e6511a7cea1fcf6293b2292') in 0.078405 seconds 
Number of asset objects unloaded after import = 3
========================================================================
Received Import Request.
  Time since last request: 6.501860 seconds.
  path: Assets/Sprites/mines.jpeg
  artifactKey: Guid(7edcbb54851e4be429b9d19de44c2af4) Importer(815301076,1909f56bfc062723c751e8b465ee728b)
Number of updated assets reloaded before import = 0
Start importing Assets/Sprites/mines.jpeg using Guid(7edcbb54851e4be429b9d19de44c2af4) Importer(815301076,1909f56bfc062723c751e8b465ee728b)  -> (artifact id: '0948aed27f290cf4739b9473c479c2c3') in 0.087929 seconds 
Number of asset objects unloaded after import = 3
========================================================================
Received Import Request.
  Time since last request: 11.249715 seconds.
  path: Assets/Sprites/mines.jpeg
  artifactKey: Guid(7edcbb54851e4be429b9d19de44c2af4) Importer(815301076,1909f56bfc062723c751e8b465ee728b)
Number of updated assets reloaded before import = 0
Start importing Assets/Sprites/mines.jpeg using Guid(7edcbb54851e4be429b9d19de44c2af4) Importer(815301076,1909f56bfc062723c751e8b465ee728b)  -> (artifact id: '4cdae2f57b04c63de48f47e4444da6a3') in 0.034170 seconds 
Number of asset objects unloaded after import = 2
========================================================================
Received Import Request.
  Time since last request: 59.844262 seconds.
  path: Assets/Sprites/mines.jpeg
  artifactKey: Guid(7edcbb54851e4be429b9d19de44c2af4) Importer(815301076,1909f56bfc062723c751e8b465ee728b)
Number of updated assets reloaded before import = 0
Start importing Assets/Sprites/mines.jpeg using Guid(7edcbb54851e4be429b9d19de44c2af4) Importer(815301076,1909f56bfc062723c751e8b465ee728b)  -> (artifact id: 'caaa5411203bcc3e4cef73bcc09fd731') in 0.314883 seconds 
Number of asset objects unloaded after import = 258
========================================================================
Received Import Request.
  Time since last request: 251.798676 seconds.
  path: Assets/Sprites/mines.jpeg
  artifactKey: Guid(7edcbb54851e4be429b9d19de44c2af4) Importer(815301076,1909f56bfc062723c751e8b465ee728b)
Number of updated assets reloaded before import = 0
Start importing Assets/Sprites/mines.jpeg using Guid(7edcbb54851e4be429b9d19de44c2af4) Importer(815301076,1909f56bfc062723c751e8b465ee728b)  -> (artifact id: '964a3f0295e27e4293918a65236fd074') in 0.313351 seconds 
Number of asset objects unloaded after import = 258
========================================================================
Received Import Request.
  Time since last request: 7.153674 seconds.
  path: Assets/Tiles
  artifactKey: Guid(934608d8f9a47b946888e486f54e1e4d) Importer(815301076,1909f56bfc062723c751e8b465ee728b)
Number of updated assets reloaded before import = 0
Start importing Assets/Tiles using Guid(934608d8f9a47b946888e486f54e1e4d) Importer(815301076,1909f56bfc062723c751e8b465ee728b)  -> (artifact id: '8c987558210bcebeb8bf04b9e648f403') in 0.007741 seconds 
Number of asset objects unloaded after import = 0
========================================================================
Received Import Request.
  Time since last request: 0.336216 seconds.
  path: Assets/Tiles/mines_0.asset
  artifactKey: Guid(b0e7f2c5fd8058c4aba43ded32421bc8) Importer(815301076,1909f56bfc062723c751e8b465ee728b)
Number of updated assets reloaded before import = 0
Start importing Assets/Tiles/mines_0.asset using Guid(b0e7f2c5fd8058c4aba43ded32421bc8) Importer(815301076,1909f56bfc062723c751e8b465ee728b)  -> (artifact id: 'd92db409d21cb32255c753b0d107ba22') in 0.032885 seconds 
Number of asset objects unloaded after import = 3
========================================================================
Received Import Request.
  Time since last request: 0.000018 seconds.
  path: Assets/Tiles/mines_37.asset
  artifactKey: Guid(0a1d9a509f1de7240a2f7ce7b95d82ce) Importer(815301076,1909f56bfc062723c751e8b465ee728b)
Number of updated assets reloaded before import = 0
Start importing Assets/Tiles/mines_37.asset using Guid(0a1d9a509f1de7240a2f7ce7b95d82ce) Importer(815301076,1909f56bfc062723c751e8b465ee728b)  -> (artifact id: 'db299571397e093d7f8f5f69fd10f538') in 0.033562 seconds 
Number of asset objects unloaded after import = 3
========================================================================
Received Import Request.
  Time since last request: 0.000018 seconds.
  path: Assets/Tiles/mines_22.asset
  artifactKey: Guid(f79f1bcf9cc10e841a2c63c63513453a) Importer(815301076,1909f56bfc062723c751e8b465ee728b)
Number of updated assets reloaded before import = 0
Start importing Assets/Tiles/mines_22.asset using Guid(f79f1bcf9cc10e841a2c63c63513453a) Importer(815301076,1909f56bfc062723c751e8b465ee728b)  -> (artifact id: '5a852772388e87009f6a1bd4f906e2d7') in 0.025281 seconds 
Number of asset objects unloaded after import = 3
========================================================================
Received Import Request.
  Time since last request: 0.000019 seconds.
  path: Assets/Tiles/mines_44.asset
  artifactKey: Guid(489204d98ee5b734f88a817efe51d710) Importer(815301076,1909f56bfc062723c751e8b465ee728b)
Number of updated assets reloaded before import = 0
Start importing Assets/Tiles/mines_44.asset using Guid(489204d98ee5b734f88a817efe51d710) Importer(815301076,1909f56bfc062723c751e8b465ee728b)  -> (artifact id: '6507850a75424e80fc51e0bc0651a251') in 0.020704 seconds 
Number of asset objects unloaded after import = 3
========================================================================
Received Import Request.
  Time since last request: 0.000027 seconds.
  path: Assets/Tiles/mines_16.asset
  artifactKey: Guid(a14329b915f92504a86682d8ad13273d) Importer(815301076,1909f56bfc062723c751e8b465ee728b)
Number of updated assets reloaded before import = 0
Start importing Assets/Tiles/mines_16.asset using Guid(a14329b915f92504a86682d8ad13273d) Importer(815301076,1909f56bfc062723c751e8b465ee728b)  -> (artifact id: '2fdb1998ecbde56b1d9bfd737982ca35') in 0.022164 seconds 
Number of asset objects unloaded after import = 3
========================================================================
Received Import Request.
  Time since last request: 0.000020 seconds.
  path: Assets/Tiles/mines_26.asset
  artifactKey: Guid(4cd9b42e878ef1e4b8000b86a11c2f40) Importer(815301076,1909f56bfc062723c751e8b465ee728b)
Number of updated assets reloaded before import = 0
Start importing Assets/Tiles/mines_26.asset using Guid(4cd9b42e878ef1e4b8000b86a11c2f40) Importer(815301076,1909f56bfc062723c751e8b465ee728b)  -> (artifact id: '8257d64ea5e9beb9a35be80dbbaf00f6') in 0.016722 seconds 
Number of asset objects unloaded after import = 3
========================================================================
Received Import Request.
  Time since last request: 0.000025 seconds.
  path: Assets/Tiles/mines_3.asset
  artifactKey: Guid(eecbdd190facf6b4d9d2b2ce9dbefed3) Importer(815301076,1909f56bfc062723c751e8b465ee728b)
Number of updated assets reloaded before import = 0
Start importing Assets/Tiles/mines_3.asset using Guid(eecbdd190facf6b4d9d2b2ce9dbefed3) Importer(815301076,1909f56bfc062723c751e8b465ee728b)  -> (artifact id: '93db3263c530de014293b8f9310d048e') in 0.015828 seconds 
Number of asset objects unloaded after import = 3
========================================================================
Received Import Request.
  Time since last request: 0.000018 seconds.
  path: Assets/Tiles/mines_4.asset
  artifactKey: Guid(b16cf7f9cc30d094bb3f7a03c8d8657a) Importer(815301076,1909f56bfc062723c751e8b465ee728b)
Number of updated assets reloaded before import = 0
Start importing Assets/Tiles/mines_4.asset using Guid(b16cf7f9cc30d094bb3f7a03c8d8657a) Importer(815301076,1909f56bfc062723c751e8b465ee728b)  -> (artifact id: 'a72bcc0fe76679f766ca56e5cd5cdf3e') in 0.017447 seconds 
Number of asset objects unloaded after import = 3
========================================================================
Received Import Request.
  Time since last request: 0.000032 seconds.
  path: Assets/Tiles/mines_9.asset
  artifactKey: Guid(8dc6551e8aa6bab4181d68be1471b192) Importer(815301076,1909f56bfc062723c751e8b465ee728b)
Number of updated assets reloaded before import = 0
Start importing Assets/Tiles/mines_9.asset using Guid(8dc6551e8aa6bab4181d68be1471b192) Importer(815301076,1909f56bfc062723c751e8b465ee728b)  -> (artifact id: '1fd2a488a9582ad8119a7190d4e76035') in 0.016392 seconds 
Number of asset objects unloaded after import = 3
========================================================================
Received Import Request.
  Time since last request: 0.000027 seconds.
  path: Assets/Tiles/mines_14.asset
  artifactKey: Guid(54d74412251540f4c8884573a377a9f1) Importer(815301076,1909f56bfc062723c751e8b465ee728b)
Number of updated assets reloaded before import = 0
Start importing Assets/Tiles/mines_14.asset using Guid(54d74412251540f4c8884573a377a9f1) Importer(815301076,1909f56bfc062723c751e8b465ee728b)  -> (artifact id: '5a246ae466f10bffc2d70391c164e7c3') in 0.015067 seconds 
Number of asset objects unloaded after import = 3
========================================================================
Received Import Request.
  Time since last request: 0.000021 seconds.
  path: Assets/Tiles/mines_28.asset
  artifactKey: Guid(1947a95546300834f9c84472cfba98ed) Importer(815301076,1909f56bfc062723c751e8b465ee728b)
Number of updated assets reloaded before import = 0
Start importing Assets/Tiles/mines_28.asset using Guid(1947a95546300834f9c84472cfba98ed) Importer(815301076,1909f56bfc062723c751e8b465ee728b)  -> (artifact id: 'e3c11f55da1a9402c09fa5b7282f96fa') in 0.015935 seconds 
Number of asset objects unloaded after import = 3
========================================================================
Received Import Request.
  Time since last request: 0.000020 seconds.
  path: Assets/Tiles/mines_41.asset
  artifactKey: Guid(6946afb942d84b346979bf403a3370ce) Importer(815301076,1909f56bfc062723c751e8b465ee728b)
Number of updated assets reloaded before import = 0
Start importing Assets/Tiles/mines_41.asset using Guid(6946afb942d84b346979bf403a3370ce) Importer(815301076,1909f56bfc062723c751e8b465ee728b)  -> (artifact id: '8d2ce709142e9c7bde79957b45adcd58') in 0.015534 seconds 
Number of asset objects unloaded after import = 3
========================================================================
Received Import Request.
  Time since last request: 0.000025 seconds.
  path: Assets/Tiles/mines_5.asset
  artifactKey: Guid(1d06287f36d06be4fba4e5b93361b91e) Importer(815301076,1909f56bfc062723c751e8b465ee728b)
Number of updated assets reloaded before import = 0
Start importing Assets/Tiles/mines_5.asset using Guid(1d06287f36d06be4fba4e5b93361b91e) Importer(815301076,1909f56bfc062723c751e8b465ee728b)  -> (artifact id: 'f0a279e13e94307727075b2ea87388c5') in 0.015439 seconds 
Number of asset objects unloaded after import = 3
========================================================================
Received Import Request.
  Time since last request: 0.000022 seconds.
  path: Assets/Tiles/mines_13.asset
  artifactKey: Guid(b468ccb7d29d4214f8ab2a5cccaa267a) Importer(815301076,1909f56bfc062723c751e8b465ee728b)
Number of updated assets reloaded before import = 0
Start importing Assets/Tiles/mines_13.asset using Guid(b468ccb7d29d4214f8ab2a5cccaa267a) Importer(815301076,1909f56bfc062723c751e8b465ee728b)  -> (artifact id: '16dad532d43d7a2160df18b613f83bd8') in 0.015678 seconds 
Number of asset objects unloaded after import = 3
========================================================================
Received Import Request.
  Time since last request: 0.000022 seconds.
  path: Assets/Tiles/mines_46.asset
  artifactKey: Guid(cdd1c964cce68a046aa2481343878ebb) Importer(815301076,1909f56bfc062723c751e8b465ee728b)
Number of updated assets reloaded before import = 0
Start importing Assets/Tiles/mines_46.asset using Guid(cdd1c964cce68a046aa2481343878ebb) Importer(815301076,1909f56bfc062723c751e8b465ee728b)  -> (artifact id: '4a394572a1ae04a34d6ac4d10dcddf60') in 0.018212 seconds 
Number of asset objects unloaded after import = 3
========================================================================
Received Import Request.
  Time since last request: 0.000029 seconds.
  path: Assets/Tiles/mines_12.asset
  artifactKey: Guid(760a5b26cace78e4dbd0a7944af50e5b) Importer(815301076,1909f56bfc062723c751e8b465ee728b)
Number of updated assets reloaded before import = 0
Start importing Assets/Tiles/mines_12.asset using Guid(760a5b26cace78e4dbd0a7944af50e5b) Importer(815301076,1909f56bfc062723c751e8b465ee728b)  -> (artifact id: '526bba08bd19ca4401dcc824c932ee67') in 0.016788 seconds 
Number of asset objects unloaded after import = 3
========================================================================
Received Import Request.
  Time since last request: 0.000037 seconds.
  path: Assets/Tiles/mines_24.asset
  artifactKey: Guid(2017a3f896e51194ba25c7ecd9c28d58) Importer(815301076,1909f56bfc062723c751e8b465ee728b)
Number of updated assets reloaded before import = 0
Start importing Assets/Tiles/mines_24.asset using Guid(2017a3f896e51194ba25c7ecd9c28d58) Importer(815301076,1909f56bfc062723c751e8b465ee728b)  -> (artifact id: '98aa6538c4f03eee8caea07c688a0dc8') in 0.017142 seconds 
Number of asset objects unloaded after import = 3
========================================================================
Received Import Request.
  Time since last request: 0.000032 seconds.
  path: Assets/Tiles/mines_21.asset
  artifactKey: Guid(72cea1f937b92054b8e71b270ade6e75) Importer(815301076,1909f56bfc062723c751e8b465ee728b)
Number of updated assets reloaded before import = 0
Start importing Assets/Tiles/mines_21.asset using Guid(72cea1f937b92054b8e71b270ade6e75) Importer(815301076,1909f56bfc062723c751e8b465ee728b)  -> (artifact id: '048684279c698e9cc646d5ac175ad6c9') in 0.016500 seconds 
Number of asset objects unloaded after import = 3
========================================================================
Received Import Request.
  Time since last request: 0.000023 seconds.
  path: Assets/Tiles/mines_34.asset
  artifactKey: Guid(df2103c210a3f9f4086edd11423ed5da) Importer(815301076,1909f56bfc062723c751e8b465ee728b)
Number of updated assets reloaded before import = 0
Start importing Assets/Tiles/mines_34.asset using Guid(df2103c210a3f9f4086edd11423ed5da) Importer(815301076,1909f56bfc062723c751e8b465ee728b)  -> (artifact id: '9df5e65c65966a5ba870bebfb3f212f7') in 0.016339 seconds 
Number of asset objects unloaded after import = 3
========================================================================
Received Import Request.
  Time since last request: 0.000020 seconds.
  path: Assets/Tiles/mines_50.asset
  artifactKey: Guid(3010fdb7bf24e9b4488cafe98979dc5b) Importer(815301076,1909f56bfc062723c751e8b465ee728b)
Number of updated assets reloaded before import = 0
Start importing Assets/Tiles/mines_50.asset using Guid(3010fdb7bf24e9b4488cafe98979dc5b) Importer(815301076,1909f56bfc062723c751e8b465ee728b)  -> (artifact id: '04f22d6a42210b87ee5631a8f1fa1616') in 0.015155 seconds 
Number of asset objects unloaded after import = 3
========================================================================
Received Import Request.
  Time since last request: 0.000025 seconds.
  path: Assets/Tiles/mines_18.asset
  artifactKey: Guid(64ac3d227ed222045bdfd81d9f16cec7) Importer(815301076,1909f56bfc062723c751e8b465ee728b)
Number of updated assets reloaded before import = 0
Start importing Assets/Tiles/mines_18.asset using Guid(64ac3d227ed222045bdfd81d9f16cec7) Importer(815301076,1909f56bfc062723c751e8b465ee728b)  -> (artifact id: 'c3213fcbd977993939d0e47afd9b0e94') in 0.015938 seconds 
Number of asset objects unloaded after import = 3
========================================================================
Received Import Request.
  Time since last request: 0.000028 seconds.
  path: Assets/Tiles/mines_48.asset
  artifactKey: Guid(f0f7584545ef7ea4886a8ba03adbed1b) Importer(815301076,1909f56bfc062723c751e8b465ee728b)
Number of updated assets reloaded before import = 0
Start importing Assets/Tiles/mines_48.asset using Guid(f0f7584545ef7ea4886a8ba03adbed1b) Importer(815301076,1909f56bfc062723c751e8b465ee728b)  -> (artifact id: '3d75c772c3cfed6537a69f333d1b8efa') in 0.017008 seconds 
Number of asset objects unloaded after import = 3
========================================================================
Received Import Request.
  Time since last request: 0.000022 seconds.
  path: Assets/Tiles/mines_42.asset
  artifactKey: Guid(5b8a62e94301eb84a9078f609054ed1a) Importer(815301076,1909f56bfc062723c751e8b465ee728b)
Number of updated assets reloaded before import = 0
Start importing Assets/Tiles/mines_42.asset using Guid(5b8a62e94301eb84a9078f609054ed1a) Importer(815301076,1909f56bfc062723c751e8b465ee728b)  -> (artifact id: '4f725a9ec0fbfbb47e84ce6325d70127') in 0.014936 seconds 
Number of asset objects unloaded after import = 3
========================================================================
Received Import Request.
  Time since last request: 0.000023 seconds.
  path: Assets/Tiles/mines_43.asset
  artifactKey: Guid(b51747db315a5ac4f86d32b0f684dc68) Importer(815301076,1909f56bfc062723c751e8b465ee728b)
Number of updated assets reloaded before import = 0
Start importing Assets/Tiles/mines_43.asset using Guid(b51747db315a5ac4f86d32b0f684dc68) Importer(815301076,1909f56bfc062723c751e8b465ee728b)  -> (artifact id: '1db3cb260fe96d16cbc474f321f9310a') in 0.016920 seconds 
Number of asset objects unloaded after import = 3
========================================================================
Received Import Request.
  Time since last request: 0.000027 seconds.
  path: Assets/Tiles/mines_10.asset
  artifactKey: Guid(f4d01dcf2d468ea49a8eb1c9a80456ce) Importer(815301076,1909f56bfc062723c751e8b465ee728b)
Number of updated assets reloaded before import = 0
Start importing Assets/Tiles/mines_10.asset using Guid(f4d01dcf2d468ea49a8eb1c9a80456ce) Importer(815301076,1909f56bfc062723c751e8b465ee728b)  -> (artifact id: 'b615982d696dd80497f0b6027e4b9506') in 0.016025 seconds 
Number of asset objects unloaded after import = 3
========================================================================
Received Import Request.
  Time since last request: 0.000019 seconds.
  path: Assets/Tiles/mines_23.asset
  artifactKey: Guid(005af973a23866241bbba40c85f14b7c) Importer(815301076,1909f56bfc062723c751e8b465ee728b)
Number of updated assets reloaded before import = 0
Start importing Assets/Tiles/mines_23.asset using Guid(005af973a23866241bbba40c85f14b7c) Importer(815301076,1909f56bfc062723c751e8b465ee728b)  -> (artifact id: 'eed627b4d7de5cc143723ddd0a862c70') in 0.016163 seconds 
Number of asset objects unloaded after import = 3
========================================================================
Received Import Request.
  Time since last request: 0.000027 seconds.
  path: Assets/Tiles/mines_36.asset
  artifactKey: Guid(5ae597a59767b794fabb73672f8676bf) Importer(815301076,1909f56bfc062723c751e8b465ee728b)
Number of updated assets reloaded before import = 0
Start importing Assets/Tiles/mines_36.asset using Guid(5ae597a59767b794fabb73672f8676bf) Importer(815301076,1909f56bfc062723c751e8b465ee728b)  -> (artifact id: 'b7f18babc2a7ecb35f88f9c0dc4f0c83') in 0.015863 seconds 
Number of asset objects unloaded after import = 3
========================================================================
Received Import Request.
  Time since last request: 0.000020 seconds.
  path: Assets/Tiles/mines_35.asset
  artifactKey: Guid(6ec4b7ba8a589eb4c8a1086603ede450) Importer(815301076,1909f56bfc062723c751e8b465ee728b)
Number of updated assets reloaded before import = 0
Start importing Assets/Tiles/mines_35.asset using Guid(6ec4b7ba8a589eb4c8a1086603ede450) Importer(815301076,1909f56bfc062723c751e8b465ee728b)  -> (artifact id: '68357c493e8cb3ed48c9a09f7b8602c7') in 0.015224 seconds 
Number of asset objects unloaded after import = 3
========================================================================
Received Prepare
Refreshing native plugins compatible for Editor in 5.62 ms, found 4 plugins.
Preloading 0 native plugins for Editor in 0.00 ms.
Unloading 23 Unused Serialized files (Serialized files now loaded: 0)
Unloading 23 unused Assets / (21.9 KB). Loaded Objects now: 4282.
Memory consumption went from 72.7 MB to 72.7 MB.
Total: 3.289600 ms (FindLiveObjects: 0.320500 ms CreateObjectMapping: 0.117300 ms MarkObjects: 2.827000 ms  DeleteObjects: 0.024200 ms)

AssetImportParameters requested are different than current active one (requested -> active):
  custom:video-decoder-ogg-theora: a1e56fd34408186e4bbccfd4996cb3dc -> 
  custom:container-muxer-webm: aa71ff27fc2769a1b78a27578f13a17b -> 
  custom:container-demuxer-webm: 4f35f7cbe854078d1ac9338744f61a02 -> 
  custom:video-encoder-webm-vp8: eb34c28f22e8b96e1ab97ce403110664 -> 
  custom:CustomObjectIndexerAttribute: bc11b3a6c3213fcdd17b65e7da85e133 -> 
  custom:audio-encoder-webm-vorbis: bf7c407c2cedff20999df2af8eb42d56 -> 
  custom:framework-win-MediaFoundation: 216162199b28c13a410421893ffa2e32 -> 
  custom:SearchIndexIgnoredProperties: e643bd26f0fe6173181afceb89e7c659 -> 
  custom:container-demuxer-ogg: 62fdf1f143b41e24485cea50d1cbac27 -> 
  custom:video-decoder-webm-vp8: 9c59270c3fd7afecdb556c50c9e8de78 -> 
  custom:audio-decoder-ogg-vorbis: bf7c407c2cedff20999df2af8eb42d56 -> 
========================================================================
Received Prepare
Refreshing native plugins compatible for Editor in 5.11 ms, found 4 plugins.
Preloading 0 native plugins for Editor in 0.00 ms.
Unloading 23 Unused Serialized files (Serialized files now loaded: 0)
Unloading 23 unused Assets / (21.9 KB). Loaded Objects now: 4282.
Memory consumption went from 72.7 MB to 72.7 MB.
Total: 2.986500 ms (FindLiveObjects: 0.315700 ms CreateObjectMapping: 0.106800 ms MarkObjects: 2.541300 ms  DeleteObjects: 0.022200 ms)

AssetImportParameters requested are different than current active one (requested -> active):
  custom:video-decoder-ogg-theora: a1e56fd34408186e4bbccfd4996cb3dc -> 
  custom:container-muxer-webm: aa71ff27fc2769a1b78a27578f13a17b -> 
  custom:container-demuxer-webm: 4f35f7cbe854078d1ac9338744f61a02 -> 
  custom:video-encoder-webm-vp8: eb34c28f22e8b96e1ab97ce403110664 -> 
  custom:CustomObjectIndexerAttribute: bc11b3a6c3213fcdd17b65e7da85e133 -> 
  custom:audio-encoder-webm-vorbis: bf7c407c2cedff20999df2af8eb42d56 -> 
  custom:framework-win-MediaFoundation: 216162199b28c13a410421893ffa2e32 -> 
  custom:SearchIndexIgnoredProperties: e643bd26f0fe6173181afceb89e7c659 -> 
  custom:container-demuxer-ogg: 62fdf1f143b41e24485cea50d1cbac27 -> 
  custom:video-decoder-webm-vp8: 9c59270c3fd7afecdb556c50c9e8de78 -> 
  custom:audio-decoder-ogg-vorbis: bf7c407c2cedff20999df2af8eb42d56 -> 
========================================================================
Received Prepare
Registering precompiled user dll's ...
Registered in 0.007778 seconds.
Begin MonoManager ReloadAssembly
Native extension for WindowsStandalone target not found
Native extension for iOS target not found
Native extension for Android target not found
Refreshing native plugins compatible for Editor in 0.54 ms, found 4 plugins.
Preloading 0 native plugins for Editor in 0.00 ms.
[Package Manager] Server::EnsureServerProcessIsRunning -- launch failed, reason: Unity was launched with the -noUpm command-line argument
[Package Manager] Cannot connect to Unity Package Manager local server
Mono: successfully reloaded assembly
- Completed reload, in  1.294 seconds
Domain Reload Profiling:
	ReloadAssembly (1294ms)
		BeginReloadAssembly (161ms)
			ExecutionOrderSort (0ms)
			DisableScriptedObjects (6ms)
			BackupInstance (0ms)
			ReleaseScriptingObjects (0ms)
			CreateAndSetChildDomain (33ms)
		EndReloadAssembly (1043ms)
			LoadAssemblies (118ms)
			RebuildTransferFunctionScriptingTraits (0ms)
			SetupTypeCache (230ms)
			ReleaseScriptCaches (2ms)
			RebuildScriptCaches (38ms)
			SetupLoadedEditorAssemblies (650ms)
				LogAssemblyErrors (0ms)
				InitializePlatformSupportModulesInManaged (28ms)
				SetLoadedEditorAssemblies (0ms)
				RefreshPlugins (1ms)
				BeforeProcessingInitializeOnLoad (68ms)
				ProcessInitializeOnLoadAttributes (506ms)
				ProcessInitializeOnLoadMethodAttributes (38ms)
				AfterProcessingInitializeOnLoad (9ms)
				EditorAssembliesLoaded (0ms)
			ExecutionOrderSort2 (0ms)
			AwakeInstancesAfterBackupRestoration (6ms)
Platform modules already initialized, skipping
Refreshing native plugins compatible for Editor in 0.49 ms, found 4 plugins.
Preloading 0 native plugins for Editor in 0.00 ms.
Unloading 3798 Unused Serialized files (Serialized files now loaded: 0)
Unloading 25 unused Assets / (22.0 KB). Loaded Objects now: 4284.
Memory consumption went from 148.3 MB to 148.3 MB.
Total: 2.626900 ms (FindLiveObjects: 0.320000 ms CreateObjectMapping: 0.107000 ms MarkObjects: 2.178600 ms  DeleteObjects: 0.020400 ms)

AssetImportParameters requested are different than current active one (requested -> active):
  custom:video-decoder-ogg-theora: a1e56fd34408186e4bbccfd4996cb3dc -> 
  custom:container-muxer-webm: aa71ff27fc2769a1b78a27578f13a17b -> 
  custom:container-demuxer-webm: 4f35f7cbe854078d1ac9338744f61a02 -> 
  custom:video-encoder-webm-vp8: eb34c28f22e8b96e1ab97ce403110664 -> 
  custom:CustomObjectIndexerAttribute: bc11b3a6c3213fcdd17b65e7da85e133 -> 
  custom:audio-encoder-webm-vorbis: bf7c407c2cedff20999df2af8eb42d56 -> 
  custom:framework-win-MediaFoundation: 216162199b28c13a410421893ffa2e32 -> 
  custom:SearchIndexIgnoredProperties: e643bd26f0fe6173181afceb89e7c659 -> 
  custom:container-demuxer-ogg: 62fdf1f143b41e24485cea50d1cbac27 -> 
  custom:video-decoder-webm-vp8: 9c59270c3fd7afecdb556c50c9e8de78 -> 
  custom:audio-decoder-ogg-vorbis: bf7c407c2cedff20999df2af8eb42d56 -> 
