Using pre-set license
Built from '2021.3/staging' branch; Version is '2021.3.32f1 (3b9dae9532f5) revision 3906990'; Using compiler version '192829333'; Build Type 'Release'
OS: 'Windows 10  (10.0.19045) 64bit Core' Language: 'en' Physical Memory: 16310 MB
BatchMode: 1, IsHumanControllingUs: 0, StartBugReporterOnCrash: 0, Is64bit: 1, IsPro: 1

COMMAND LINE ARGUMENTS:
C:\Program Files\Unity\Hub\Editor\2021.3.32f1\Editor\Unity.exe
-adb2
-batchMode
-noUpm
-name
AssetImportWorker1
-projectPath
C:/Users/tim/mine_sweeper/minesweeper
-logFile
Logs/AssetImportWorker1.log
-srvPort
8142
Successfully changed project path to: C:/Users/tim/mine_sweeper/minesweeper
C:/Users/tim/mine_sweeper/minesweeper
[UnityMemory] Configuration Parameters - Can be set up in boot.config
    "memorysetup-bucket-allocator-granularity=16"
    "memorysetup-bucket-allocator-bucket-count=8"
    "memorysetup-bucket-allocator-block-size=33554432"
    "memorysetup-bucket-allocator-block-count=8"
    "memorysetup-main-allocator-block-size=16777216"
    "memorysetup-thread-allocator-block-size=16777216"
    "memorysetup-gfx-main-allocator-block-size=16777216"
    "memorysetup-gfx-thread-allocator-block-size=16777216"
    "memorysetup-cache-allocator-block-size=4194304"
    "memorysetup-typetree-allocator-block-size=2097152"
    "memorysetup-profiler-bucket-allocator-granularity=16"
    "memorysetup-profiler-bucket-allocator-bucket-count=8"
    "memorysetup-profiler-bucket-allocator-block-size=33554432"
    "memorysetup-profiler-bucket-allocator-block-count=8"
    "memorysetup-profiler-allocator-block-size=16777216"
    "memorysetup-profiler-editor-allocator-block-size=1048576"
    "memorysetup-temp-allocator-size-main=16777216"
    "memorysetup-job-temp-allocator-block-size=2097152"
    "memorysetup-job-temp-allocator-block-size-background=1048576"
    "memorysetup-job-temp-allocator-reduction-small-platforms=262144"
    "memorysetup-temp-allocator-size-background-worker=32768"
    "memorysetup-temp-allocator-size-job-worker=262144"
    "memorysetup-temp-allocator-size-preload-manager=33554432"
    "memorysetup-temp-allocator-size-nav-mesh-worker=65536"
    "memorysetup-temp-allocator-size-audio-worker=65536"
    "memorysetup-temp-allocator-size-cloud-worker=32768"
    "memorysetup-temp-allocator-size-gi-baking-worker=262144"
    "memorysetup-temp-allocator-size-gfx=262144"
Player connection [2628] Host "[IP] 192.168.1.6 [Port] 0 [Flags] 2 [Guid] 3475750475 [EditorId] 3475750475 [Version] 1048832 [Id] WindowsEditor(7,TIM) [Debug] 1 [PackageName] WindowsEditor [ProjectName] Editor" joined multi-casting on [225.0.0.222:54997]...

Player connection [2628] Host "[IP] 192.168.1.6 [Port] 0 [Flags] 2 [Guid] 3475750475 [EditorId] 3475750475 [Version] 1048832 [Id] WindowsEditor(7,TIM) [Debug] 1 [PackageName] WindowsEditor [ProjectName] Editor" joined alternative multi-casting on [225.0.0.222:34997]...

[Physics::Module] Initialized MultithreadedJobDispatcher with {0} workers.
Refreshing native plugins compatible for Editor in 79.81 ms, found 4 plugins.
Preloading 0 native plugins for Editor in 0.00 ms.
Initialize engine version: 2021.3.32f1 (3b9dae9532f5)
[Subsystems] Discovering subsystems at path C:/Program Files/Unity/Hub/Editor/2021.3.32f1/Editor/Data/Resources/UnitySubsystems
[Subsystems] Discovering subsystems at path C:/Users/tim/mine_sweeper/minesweeper/Assets
GfxDevice: creating device client; threaded=0; jobified=0
Direct3D:
    Version:  Direct3D 11.0 [level 11.1]
    Renderer: AMD Radeon RX 6800 XT (ID=0x73bf)
    Vendor:   ATI
    VRAM:     16337 MB
    Driver:   31.0.24033.1003
Initialize mono
Mono path[0] = 'C:/Program Files/Unity/Hub/Editor/2021.3.32f1/Editor/Data/Managed'
Mono path[1] = 'C:/Program Files/Unity/Hub/Editor/2021.3.32f1/Editor/Data/MonoBleedingEdge/lib/mono/unityjit-win32'
Mono config path = 'C:/Program Files/Unity/Hub/Editor/2021.3.32f1/Editor/Data/MonoBleedingEdge/etc'
Using monoOptions --debugger-agent=transport=dt_socket,embedding=1,server=y,suspend=n,address=127.0.0.1:56500
Begin MonoManager ReloadAssembly
Registering precompiled unity dll's ...
Register platform support module: C:/Program Files/Unity/Hub/Editor/2021.3.32f1/Editor/Data/PlaybackEngines/AndroidPlayer/UnityEditor.Android.Extensions.dll
Register platform support module: C:/Program Files/Unity/Hub/Editor/2021.3.32f1/Editor/Data/PlaybackEngines/iOSSupport/UnityEditor.iOS.Extensions.dll
Register platform support module: C:/Program Files/Unity/Hub/Editor/2021.3.32f1/Editor/Data/PlaybackEngines/WindowsStandaloneSupport/UnityEditor.WindowsStandalone.Extensions.dll
Registered in 0.012114 seconds.
Native extension for WindowsStandalone target not found
[usbmuxd] Start listen thread
[usbmuxd] Listen thread started
Native extension for iOS target not found
Native extension for Android target not found
Android Extension - Scanning For ADB Devices 224 ms
Refreshing native plugins compatible for Editor in 78.81 ms, found 4 plugins.
Preloading 0 native plugins for Editor in 0.00 ms.
Mono: successfully reloaded assembly
- Completed reload, in  0.895 seconds
Domain Reload Profiling:
	ReloadAssembly (896ms)
		BeginReloadAssembly (90ms)
			ExecutionOrderSort (0ms)
			DisableScriptedObjects (0ms)
			BackupInstance (0ms)
			ReleaseScriptingObjects (0ms)
			CreateAndSetChildDomain (1ms)
		EndReloadAssembly (703ms)
			LoadAssemblies (88ms)
			RebuildTransferFunctionScriptingTraits (0ms)
			SetupTypeCache (103ms)
			ReleaseScriptCaches (0ms)
			RebuildScriptCaches (25ms)
			SetupLoadedEditorAssemblies (536ms)
				LogAssemblyErrors (0ms)
				InitializePlatformSupportModulesInManaged (327ms)
				SetLoadedEditorAssemblies (0ms)
				RefreshPlugins (79ms)
				BeforeProcessingInitializeOnLoad (1ms)
				ProcessInitializeOnLoadAttributes (84ms)
				ProcessInitializeOnLoadMethodAttributes (46ms)
				AfterProcessingInitializeOnLoad (0ms)
				EditorAssembliesLoaded (0ms)
			ExecutionOrderSort2 (0ms)
			AwakeInstancesAfterBackupRestoration (0ms)
Platform modules already initialized, skipping
Registering precompiled user dll's ...
Registered in 0.008204 seconds.
Begin MonoManager ReloadAssembly
Native extension for WindowsStandalone target not found
Native extension for iOS target not found
Native extension for Android target not found
Refreshing native plugins compatible for Editor in 76.54 ms, found 4 plugins.
Preloading 0 native plugins for Editor in 0.00 ms.
Package Manager log level set to [2]
[Package Manager] Server::EnsureServerProcessIsRunning -- launch failed, reason: Unity was launched with the -noUpm command-line argument
[Package Manager] Cannot connect to Unity Package Manager local server
Mono: successfully reloaded assembly
- Completed reload, in  1.418 seconds
Domain Reload Profiling:
	ReloadAssembly (1419ms)
		BeginReloadAssembly (130ms)
			ExecutionOrderSort (0ms)
			DisableScriptedObjects (8ms)
			BackupInstance (0ms)
			ReleaseScriptingObjects (0ms)
			CreateAndSetChildDomain (20ms)
		EndReloadAssembly (1187ms)
			LoadAssemblies (100ms)
			RebuildTransferFunctionScriptingTraits (0ms)
			SetupTypeCache (218ms)
			ReleaseScriptCaches (1ms)
			RebuildScriptCaches (50ms)
			SetupLoadedEditorAssemblies (803ms)
				LogAssemblyErrors (0ms)
				InitializePlatformSupportModulesInManaged (28ms)
				SetLoadedEditorAssemblies (0ms)
				RefreshPlugins (77ms)
				BeforeProcessingInitializeOnLoad (98ms)
				ProcessInitializeOnLoadAttributes (548ms)
				ProcessInitializeOnLoadMethodAttributes (43ms)
				AfterProcessingInitializeOnLoad (9ms)
				EditorAssembliesLoaded (0ms)
			ExecutionOrderSort2 (0ms)
			AwakeInstancesAfterBackupRestoration (5ms)
Platform modules already initialized, skipping
========================================================================
Worker process is ready to serve import requests
Launched and connected shader compiler UnityShaderCompiler.exe after 0.04 seconds
Refreshing native plugins compatible for Editor in 0.70 ms, found 4 plugins.
Preloading 0 native plugins for Editor in 0.00 ms.
Unloading 3810 Unused Serialized files (Serialized files now loaded: 0)
Unloading 36 unused Assets / (46.7 KB). Loaded Objects now: 4270.
Memory consumption went from 149.4 MB to 149.3 MB.
Total: 4.310100 ms (FindLiveObjects: 0.439200 ms CreateObjectMapping: 0.123300 ms MarkObjects: 3.648200 ms  DeleteObjects: 0.098400 ms)

AssetImportParameters requested are different than current active one (requested -> active):
  custom:video-decoder-ogg-theora: a1e56fd34408186e4bbccfd4996cb3dc -> 
  custom:container-muxer-webm: aa71ff27fc2769a1b78a27578f13a17b -> 
  custom:container-demuxer-webm: 4f35f7cbe854078d1ac9338744f61a02 -> 
  custom:video-encoder-webm-vp8: eb34c28f22e8b96e1ab97ce403110664 -> 
  custom:CustomObjectIndexerAttribute: bc11b3a6c3213fcdd17b65e7da85e133 -> 
  custom:audio-encoder-webm-vorbis: bf7c407c2cedff20999df2af8eb42d56 -> 
  custom:framework-win-MediaFoundation: 216162199b28c13a410421893ffa2e32 -> 
  custom:SearchIndexIgnoredProperties: e643bd26f0fe6173181afceb89e7c659 -> 
  custom:container-demuxer-ogg: 62fdf1f143b41e24485cea50d1cbac27 -> 
  custom:video-decoder-webm-vp8: 9c59270c3fd7afecdb556c50c9e8de78 -> 
  custom:audio-decoder-ogg-vorbis: bf7c407c2cedff20999df2af8eb42d56 -> 
========================================================================
Received Import Request.
  Time since last request: 17388.670364 seconds.
  path: Assets/Tiles/mines_1.asset
  artifactKey: Guid(24ac8f30bc38c464c99cf7b5b1436bb1) Importer(815301076,1909f56bfc062723c751e8b465ee728b)
Number of updated assets reloaded before import = 0
Start importing Assets/Tiles/mines_1.asset using Guid(24ac8f30bc38c464c99cf7b5b1436bb1) Importer(815301076,1909f56bfc062723c751e8b465ee728b)  -> (artifact id: '9f8e16d5bf3a4ffb85747c56a4051955') in 0.090554 seconds 
Number of asset objects unloaded after import = 3
========================================================================
Received Import Request.
  Time since last request: 0.000024 seconds.
  path: Assets/Tiles/mines_2.asset
  artifactKey: Guid(81039dbc73affbb4b9107b50efe7e26c) Importer(815301076,1909f56bfc062723c751e8b465ee728b)
Number of updated assets reloaded before import = 0
Start importing Assets/Tiles/mines_2.asset using Guid(81039dbc73affbb4b9107b50efe7e26c) Importer(815301076,1909f56bfc062723c751e8b465ee728b)  -> (artifact id: '7636c95d2c8767fb95e6f8cfb5b04de9') in 0.029378 seconds 
Number of asset objects unloaded after import = 3
========================================================================
Received Import Request.
  Time since last request: 0.000036 seconds.
  path: Assets/Tiles/mines_47.asset
  artifactKey: Guid(53bf73443da1610409411120b3cf9e6f) Importer(815301076,1909f56bfc062723c751e8b465ee728b)
Number of updated assets reloaded before import = 0
Start importing Assets/Tiles/mines_47.asset using Guid(53bf73443da1610409411120b3cf9e6f) Importer(815301076,1909f56bfc062723c751e8b465ee728b)  -> (artifact id: 'b85be8643ac6fd05ed99067a33af4b15') in 0.027811 seconds 
Number of asset objects unloaded after import = 3
========================================================================
Received Import Request.
  Time since last request: 0.000018 seconds.
  path: Assets/Tiles/mines_33.asset
  artifactKey: Guid(73938ba47191b7e42ba976a24cd3e927) Importer(815301076,1909f56bfc062723c751e8b465ee728b)
Number of updated assets reloaded before import = 0
Start importing Assets/Tiles/mines_33.asset using Guid(73938ba47191b7e42ba976a24cd3e927) Importer(815301076,1909f56bfc062723c751e8b465ee728b)  -> (artifact id: 'de1d73ae14cad4ebfd558a799f7d3ac5') in 0.014863 seconds 
Number of asset objects unloaded after import = 3
========================================================================
Received Import Request.
  Time since last request: 0.000019 seconds.
  path: Assets/Tiles/mines_6.asset
  artifactKey: Guid(4a0d7a745cdeebe40b5e111987925bed) Importer(815301076,1909f56bfc062723c751e8b465ee728b)
Number of updated assets reloaded before import = 0
Start importing Assets/Tiles/mines_6.asset using Guid(4a0d7a745cdeebe40b5e111987925bed) Importer(815301076,1909f56bfc062723c751e8b465ee728b)  -> (artifact id: 'd7e3386f7cabf83c84ab1f7cafe84e50') in 0.016810 seconds 
Number of asset objects unloaded after import = 3
========================================================================
Received Import Request.
  Time since last request: 0.000020 seconds.
  path: Assets/Tiles/mines_40.asset
  artifactKey: Guid(a07f4a08b97d3814990b3d142e3be439) Importer(815301076,1909f56bfc062723c751e8b465ee728b)
Number of updated assets reloaded before import = 0
Start importing Assets/Tiles/mines_40.asset using Guid(a07f4a08b97d3814990b3d142e3be439) Importer(815301076,1909f56bfc062723c751e8b465ee728b)  -> (artifact id: '51e3d6b684ce829d30618bd5f774cb1e') in 0.016162 seconds 
Number of asset objects unloaded after import = 3
========================================================================
Received Import Request.
  Time since last request: 0.000023 seconds.
  path: Assets/Tiles/mines_17.asset
  artifactKey: Guid(012fc7be00061fa49957707390c17815) Importer(815301076,1909f56bfc062723c751e8b465ee728b)
Number of updated assets reloaded before import = 0
Start importing Assets/Tiles/mines_17.asset using Guid(012fc7be00061fa49957707390c17815) Importer(815301076,1909f56bfc062723c751e8b465ee728b)  -> (artifact id: '811935bc60f1d9742da83dadcf982345') in 0.015313 seconds 
Number of asset objects unloaded after import = 3
========================================================================
Received Import Request.
  Time since last request: 0.000020 seconds.
  path: Assets/Tiles/mines_52.asset
  artifactKey: Guid(96cc90b10e99270409572b2bc0948110) Importer(815301076,1909f56bfc062723c751e8b465ee728b)
Number of updated assets reloaded before import = 0
Start importing Assets/Tiles/mines_52.asset using Guid(96cc90b10e99270409572b2bc0948110) Importer(815301076,1909f56bfc062723c751e8b465ee728b)  -> (artifact id: '089e7bc7dedeb73511adceb426c195e1') in 0.015437 seconds 
Number of asset objects unloaded after import = 3
========================================================================
Received Import Request.
  Time since last request: 0.000023 seconds.
  path: Assets/Tiles/mines_25.asset
  artifactKey: Guid(8dbcc9b9f8538b14aa4274bad825c96e) Importer(815301076,1909f56bfc062723c751e8b465ee728b)
Number of updated assets reloaded before import = 0
Start importing Assets/Tiles/mines_25.asset using Guid(8dbcc9b9f8538b14aa4274bad825c96e) Importer(815301076,1909f56bfc062723c751e8b465ee728b)  -> (artifact id: 'ce2729d4dbd8066797a95533847d3159') in 0.015027 seconds 
Number of asset objects unloaded after import = 3
========================================================================
Received Import Request.
  Time since last request: 0.000021 seconds.
  path: Assets/Tiles/mines_29.asset
  artifactKey: Guid(dc1fee86e988b1e4097a4c741c9c9d43) Importer(815301076,1909f56bfc062723c751e8b465ee728b)
Number of updated assets reloaded before import = 0
Start importing Assets/Tiles/mines_29.asset using Guid(dc1fee86e988b1e4097a4c741c9c9d43) Importer(815301076,1909f56bfc062723c751e8b465ee728b)  -> (artifact id: '15a7fc990150673d85a9e407a933a91c') in 0.015604 seconds 
Number of asset objects unloaded after import = 3
========================================================================
Received Import Request.
  Time since last request: 0.000022 seconds.
  path: Assets/Tiles/mines_7.asset
  artifactKey: Guid(8d339a67016b16c4a86a56be9f7be30a) Importer(815301076,1909f56bfc062723c751e8b465ee728b)
Number of updated assets reloaded before import = 0
Start importing Assets/Tiles/mines_7.asset using Guid(8d339a67016b16c4a86a56be9f7be30a) Importer(815301076,1909f56bfc062723c751e8b465ee728b)  -> (artifact id: '441c31aa1c6e9a21e49a50d7063e7b09') in 0.015328 seconds 
Number of asset objects unloaded after import = 3
========================================================================
Received Import Request.
  Time since last request: 0.000027 seconds.
  path: Assets/Tiles/mines_27.asset
  artifactKey: Guid(6682058cc234dd44b877800173777598) Importer(815301076,1909f56bfc062723c751e8b465ee728b)
Number of updated assets reloaded before import = 0
Start importing Assets/Tiles/mines_27.asset using Guid(6682058cc234dd44b877800173777598) Importer(815301076,1909f56bfc062723c751e8b465ee728b)  -> (artifact id: '47691fbcff0ce79ca1dcb3afe9e64740') in 0.016837 seconds 
Number of asset objects unloaded after import = 3
========================================================================
Received Import Request.
  Time since last request: 0.000023 seconds.
  path: Assets/Tiles/mines_45.asset
  artifactKey: Guid(c9677762c75c9c34594677f1e41a9875) Importer(815301076,1909f56bfc062723c751e8b465ee728b)
Number of updated assets reloaded before import = 0
Start importing Assets/Tiles/mines_45.asset using Guid(c9677762c75c9c34594677f1e41a9875) Importer(815301076,1909f56bfc062723c751e8b465ee728b)  -> (artifact id: 'ea96ed2fd687f58194c30628eec980b4') in 0.015721 seconds 
Number of asset objects unloaded after import = 3
========================================================================
Received Import Request.
  Time since last request: 0.000017 seconds.
  path: Assets/Tiles/mines_11.asset
  artifactKey: Guid(033729694a5c5214097e4506f1df490a) Importer(815301076,1909f56bfc062723c751e8b465ee728b)
Number of updated assets reloaded before import = 0
Start importing Assets/Tiles/mines_11.asset using Guid(033729694a5c5214097e4506f1df490a) Importer(815301076,1909f56bfc062723c751e8b465ee728b)  -> (artifact id: 'bd37572f70cff51bb120fc826f89fb8c') in 0.017052 seconds 
Number of asset objects unloaded after import = 3
========================================================================
Received Import Request.
  Time since last request: 0.000021 seconds.
  path: Assets/Tiles/mines_39.asset
  artifactKey: Guid(ceaf3d07bc9d6204b9a7d1e316d0c1e3) Importer(815301076,1909f56bfc062723c751e8b465ee728b)
Number of updated assets reloaded before import = 0
Start importing Assets/Tiles/mines_39.asset using Guid(ceaf3d07bc9d6204b9a7d1e316d0c1e3) Importer(815301076,1909f56bfc062723c751e8b465ee728b)  -> (artifact id: '5bedb992106a1fa55eba6254d4c5a5c5') in 0.016334 seconds 
Number of asset objects unloaded after import = 3
========================================================================
Received Import Request.
  Time since last request: 0.000036 seconds.
  path: Assets/Tiles/mines_15.asset
  artifactKey: Guid(c823f53753b53a44d830534fa76d5154) Importer(815301076,1909f56bfc062723c751e8b465ee728b)
Number of updated assets reloaded before import = 0
Start importing Assets/Tiles/mines_15.asset using Guid(c823f53753b53a44d830534fa76d5154) Importer(815301076,1909f56bfc062723c751e8b465ee728b)  -> (artifact id: '065742dfd299868b202a42b84a0b8cd9') in 0.016775 seconds 
Number of asset objects unloaded after import = 3
========================================================================
Received Import Request.
  Time since last request: 0.000020 seconds.
  path: Assets/Tiles/mines_38.asset
  artifactKey: Guid(0f75cbd05cf70ca46aba7e7103eee67e) Importer(815301076,1909f56bfc062723c751e8b465ee728b)
Number of updated assets reloaded before import = 0
Start importing Assets/Tiles/mines_38.asset using Guid(0f75cbd05cf70ca46aba7e7103eee67e) Importer(815301076,1909f56bfc062723c751e8b465ee728b)  -> (artifact id: '2cda8b20bbd6701e431ce1ac8137247c') in 0.017025 seconds 
Number of asset objects unloaded after import = 3
========================================================================
Received Import Request.
  Time since last request: 0.000025 seconds.
  path: Assets/Tiles/mines_51.asset
  artifactKey: Guid(e3daeebcd554cd64a854132832fc4554) Importer(815301076,1909f56bfc062723c751e8b465ee728b)
Number of updated assets reloaded before import = 0
Start importing Assets/Tiles/mines_51.asset using Guid(e3daeebcd554cd64a854132832fc4554) Importer(815301076,1909f56bfc062723c751e8b465ee728b)  -> (artifact id: 'fa2a555aee45c8a9c4b0de873ab312e4') in 0.016802 seconds 
Number of asset objects unloaded after import = 3
========================================================================
Received Import Request.
  Time since last request: 0.000017 seconds.
  path: Assets/Tiles/mines_19.asset
  artifactKey: Guid(9dd27f60bbb0b4444bd8c0b70be9dbae) Importer(815301076,1909f56bfc062723c751e8b465ee728b)
Number of updated assets reloaded before import = 0
Start importing Assets/Tiles/mines_19.asset using Guid(9dd27f60bbb0b4444bd8c0b70be9dbae) Importer(815301076,1909f56bfc062723c751e8b465ee728b)  -> (artifact id: '1fb2f8b4929056606a31eef17ef67477') in 0.016133 seconds 
Number of asset objects unloaded after import = 3
========================================================================
Received Import Request.
  Time since last request: 0.000021 seconds.
  path: Assets/Tiles/mines_20.asset
  artifactKey: Guid(ea070e10e3402854bb0594780f4880c8) Importer(815301076,1909f56bfc062723c751e8b465ee728b)
Number of updated assets reloaded before import = 0
Start importing Assets/Tiles/mines_20.asset using Guid(ea070e10e3402854bb0594780f4880c8) Importer(815301076,1909f56bfc062723c751e8b465ee728b)  -> (artifact id: '35fd1e6b37dc3634a4d49ff3595d7801') in 0.016944 seconds 
Number of asset objects unloaded after import = 3
========================================================================
Received Import Request.
  Time since last request: 0.000024 seconds.
  path: Assets/Tiles/mines_49.asset
  artifactKey: Guid(4d6e37c74f222584f9507e7a3ac5e0df) Importer(815301076,1909f56bfc062723c751e8b465ee728b)
Number of updated assets reloaded before import = 0
Start importing Assets/Tiles/mines_49.asset using Guid(4d6e37c74f222584f9507e7a3ac5e0df) Importer(815301076,1909f56bfc062723c751e8b465ee728b)  -> (artifact id: 'a92eb21e73153294463c7e82a0f8814a') in 0.015621 seconds 
Number of asset objects unloaded after import = 3
========================================================================
Received Import Request.
  Time since last request: 0.000021 seconds.
  path: Assets/Tiles/mines_30.asset
  artifactKey: Guid(4fd8cccc0456a684d83183ae3db31166) Importer(815301076,1909f56bfc062723c751e8b465ee728b)
Number of updated assets reloaded before import = 0
Start importing Assets/Tiles/mines_30.asset using Guid(4fd8cccc0456a684d83183ae3db31166) Importer(815301076,1909f56bfc062723c751e8b465ee728b)  -> (artifact id: '26d4d15b58348f695794d100989c910a') in 0.014979 seconds 
Number of asset objects unloaded after import = 3
========================================================================
Received Import Request.
  Time since last request: 0.000023 seconds.
  path: Assets/Tiles/mines_8.asset
  artifactKey: Guid(06230210ae9f3054b95222807c64a340) Importer(815301076,1909f56bfc062723c751e8b465ee728b)
Number of updated assets reloaded before import = 0
Start importing Assets/Tiles/mines_8.asset using Guid(06230210ae9f3054b95222807c64a340) Importer(815301076,1909f56bfc062723c751e8b465ee728b)  -> (artifact id: 'cc2fe52851ae0e467c114ff52c66eeb8') in 0.016344 seconds 
Number of asset objects unloaded after import = 3
========================================================================
Received Import Request.
  Time since last request: 0.000020 seconds.
  path: Assets/Tiles/mines_32.asset
  artifactKey: Guid(328ad044adea55f498a8a05be0e7ac2c) Importer(815301076,1909f56bfc062723c751e8b465ee728b)
Number of updated assets reloaded before import = 0
Start importing Assets/Tiles/mines_32.asset using Guid(328ad044adea55f498a8a05be0e7ac2c) Importer(815301076,1909f56bfc062723c751e8b465ee728b)  -> (artifact id: 'ef23970a4930e23096c57dbac133bf74') in 0.015644 seconds 
Number of asset objects unloaded after import = 3
========================================================================
Received Import Request.
  Time since last request: 0.000019 seconds.
  path: Assets/Tiles/mines_31.asset
  artifactKey: Guid(bda51296750fc744dadde3bda1e41bb9) Importer(815301076,1909f56bfc062723c751e8b465ee728b)
Number of updated assets reloaded before import = 0
Start importing Assets/Tiles/mines_31.asset using Guid(bda51296750fc744dadde3bda1e41bb9) Importer(815301076,1909f56bfc062723c751e8b465ee728b)  -> (artifact id: '4f83cd1d9eee346fa156bdbca3a8c772') in 0.015618 seconds 
Number of asset objects unloaded after import = 3
Editor requested this worker to shutdown with reason: Scaling down because of idle timeout
AssetImportWorker is now disconnected from the server
Process exiting
Exiting without the bug reporter. Application will terminate with return code 0